<?xml version="1.0" encoding="UTF-8"?>
<!-- Generated by org.testng.reporters.JUnitXMLReporter -->
<testsuite ignored="0" hostname="Silya" failures="0" tests="4" name="Default test" time="6.548" errors="0" timestamp="2022-11-04T21:50:03 EDT">
  <testcase classname="testng_automation_practice.Test_PlayAround_HM" name="setUpExpress" time="1.949"/>
  <testcase classname="testng_automation_practice.Test_PlayAround_HM" name="clickOnExpressLogo" time="1.382"/>
  <testcase classname="testng_automation_practice.Test_PlayAround_HM" name="clickOnDetails" time="0.89"/>
  <testcase classname="testng_automation_practice.Test_PlayAround_HM" name="clickOnCreateAccount" time="0.182"/>
</testsuite> <!-- Default test -->
